<?xml version="1.0" encoding="UTF-8"?>
<!-- Generated by org.testng.reporters.JUnitReportReporter -->
<testsuite skipped="0" hostname="DESKTOP-S5GH85J" name="testcases.HeaderlinkNavigation" tests="1" failures="0" timestamp="28 Sep 2018 07:46:38 GMT" time="106.043" errors="0">
  <testcase name="Headlinks" time="106.043" classname="testcases.HeaderlinkNavigation"/>
</testsuite> <!-- testcases.HeaderlinkNavigation -->
