<?xml version="1.0" encoding="UTF-8"?>
<!-- Generated by org.testng.reporters.JUnitReportReporter -->
<testsuite skipped="0" hostname="DESKTOP-S5GH85J" name="testcases.AddToCart" tests="1" failures="0" timestamp="07 Oct 2018 07:35:11 GMT" time="111.387" errors="0">
  <testcase name="addtocart" time="111.387" classname="testcases.AddToCart"/>
</testsuite> <!-- testcases.AddToCart -->
